{
  "RSpec": {
    "coverage": {
      "/Users/hansen/Documents/研一上/Engineering SaaS/Project/SaasFP/app/controllers/events_controller.rb": {
        "lines": [
          1,
          1,
          null,
          null,
          null,
          1,
          1,
          1,
          null,
          null,
          1,
          1,
          1,
          null,
          null,
          null,
          null,
          null,
          1,
          0,
          null,
          6,
          null,
          null,
          1,
          0,
          null,
          null,
          1,
          0,
          null,
          null,
          null,
          null,
          1,
          0,
          null,
          1,
          0,
          null,
          1,
          1,
          null,
          null,
          null,
          1,
          1,
          null,
          0,
          null,
          null,
          1,
          1,
          null,
          null,
          null,
          null,
          null,
          null,
          null,
          1,
          null,
          null,
          null,
          1,
          null,
          null,
          null,
          null,
          2,
          null,
          null,
          1,
          null,
          1,
          null,
          null,
          null,
          null,
          2,
          null,
          null,
          1,
          3,
          null,
          null,
          1,
          3,
          null,
          null,
          3,
          null,
          0,
          null,
          3,
          null,
          null,
          3,
          null,
          null,
          1,
          1,
          1,
          1,
          1,
          null,
          null,
          1,
          null,
          null,
          1,
          5,
          null,
          null,
          null,
          null,
          null,
          null,
          null,
          null,
          null,
          null,
          null,
          null,
          null,
          null,
          null,
          null,
          null,
          1,
          1,
          null,
          null,
          null,
          null,
          0,
          null,
          null,
          1,
          1,
          0,
          null,
          null,
          null,
          null,
          null,
          null,
          null,
          null,
          null,
          null,
          null,
          null,
          null,
          null,
          null,
          null,
          null,
          null,
          null,
          null,
          null,
          null,
          null,
          null,
          null,
          null,
          null,
          null,
          null,
          1,
          11,
          0,
          null,
          null,
          null,
          null,
          null
        ]
      },
      "/Users/hansen/Documents/研一上/Engineering SaaS/Project/SaasFP/app/controllers/application_controller.rb": {
        "lines": [
          1,
          null,
          null,
          1,
          null
        ]
      },
      "/Users/hansen/Documents/研一上/Engineering SaaS/Project/SaasFP/spec/controllers/session_controller_spec.rb": {
        "lines": [
          1,
          null,
          1,
          null,
          1,
          null,
          null,
          1,
          3,
          6,
          null,
          null,
          null,
          1,
          1,
          1,
          1,
          1,
          null,
          null,
          null,
          1,
          1,
          1,
          1,
          1,
          null,
          null,
          null,
          1,
          1,
          1,
          1,
          1,
          null,
          null,
          null,
          null
        ]
      },
      "/Users/hansen/Documents/研一上/Engineering SaaS/Project/SaasFP/app/controllers/sessions_controller.rb": {
        "lines": [
          1,
          null,
          1,
          null,
          null,
          1,
          3,
          3,
          3,
          3,
          1,
          1,
          null,
          2,
          2,
          null,
          null,
          null,
          1,
          null,
          null,
          1,
          6,
          null,
          null
        ]
      },
      "/Users/hansen/Documents/研一上/Engineering SaaS/Project/SaasFP/app/models/user.rb": {
        "lines": [
          1,
          1,
          1,
          null
        ]
      },
      "/Users/hansen/Documents/研一上/Engineering SaaS/Project/SaasFP/app/models/event.rb": {
        "lines": [
          1,
          1,
          1,
          null,
          null,
          1,
          null,
          null,
          1,
          1,
          null,
          null,
          1,
          1,
          0,
          null,
          1,
          null,
          null,
          null
        ]
      }
    },
    "timestamp": 1700076140
  },
  "Cucumber Features": {
    "coverage": {
      "/Users/ireneisabug/Desktop/COMS4152/Project/SaasFP/app/models/event.rb": {
        "lines": [
          1,
          1,
          1,
          1,
          1,
          null,
          1,
          42,
          null,
          null,
          1,
          42,
          0,
          null,
          42,
          null,
          null,
          null,
          null
        ]
      },
      "/Users/ireneisabug/Desktop/COMS4152/Project/SaasFP/app/models/user.rb": {
        "lines": [
          1,
          1,
          1,
          null
        ]
      },
      "/Users/ireneisabug/Desktop/COMS4152/Project/SaasFP/app/controllers/sessions_controller.rb": {
        "lines": [
          1,
          null,
          1,
          null,
          null,
          1,
          14,
          14,
          14,
          14,
          13,
          13,
          null,
          1,
          1,
          null,
          null,
          null,
          1,
          null,
          null,
          1,
          28,
          null,
          null
        ]
      },
      "/Users/ireneisabug/Desktop/COMS4152/Project/SaasFP/app/controllers/application_controller.rb": {
        "lines": [
          1,
          null,
          null,
          1,
          null
        ]
      },
      "/Users/ireneisabug/Desktop/COMS4152/Project/SaasFP/app/helpers/activities_helper.rb": {
        "lines": [
          1,
          null
        ]
      },
      "/Users/ireneisabug/Desktop/COMS4152/Project/SaasFP/app/controllers/users_controller.rb": {
        "lines": [
          1,
          1,
          1,
          null,
          1,
          19,
          17,
          17,
          17,
          17,
          null,
          null,
          2,
          null,
          null,
          1,
          5,
          5,
          5,
          5,
          5,
          5,
          0,
          null,
          null,
          null,
          null,
          null,
          null,
          1,
          2,
          null,
          null,
          1,
          2,
          2,
          2,
          2,
          null,
          null,
          null,
          1,
          null,
          1,
          2,
          2,
          1,
          1,
          null,
          1,
          1,
          null,
          null,
          null,
          null,
          1,
          1,
          1,
          null,
          null,
          1,
          0,
          0,
          null,
          0,
          null,
          null,
          1,
          null,
          null,
          1,
          4,
          null,
          null,
          1,
          10,
          1,
          null,
          null,
          null,
          null,
          null,
          null,
          null,
          null,
          null,
          null
        ]
      },
      "/Users/ireneisabug/Desktop/COMS4152/Project/SaasFP/app/controllers/events_controller.rb": {
        "lines": [
          1,
          1,
          null,
          null,
          null,
          1,
          3,
          3,
          null,
          null,
          1,
          42,
          42,
          null,
          null,
          null,
          null,
          null,
          null,
          null,
          null,
          null,
          null,
          null,
          42,
          null,
          42,
          null,
          null,
          null,
          null,
          42,
          22,
          null,
          120,
          null,
          null,
          42,
          1,
          null,
          null,
          42,
          2,
          null,
          null,
          null,
          null,
          42,
          22,
          null,
          20,
          7,
          null,
          13,
          13,
          null,
          null,
          null,
          42,
          40,
          null,
          2,
          null,
          null,
          42,
          20,
          null,
          null,
          null,
          null,
          null,
          null,
          null,
          1,
          null,
          null,
          null,
          1,
          null,
          null,
          null,
          null,
          1,
          null,
          null,
          0,
          null,
          1,
          null,
          null,
          null,
          null,
          1,
          null,
          null,
          1,
          2,
          null,
          null,
          1,
          2,
          null,
          null,
          2,
          null,
          1,
          null,
          1,
          null,
          null,
          2,
          null,
          null,
          1,
          1,
          1,
          1,
          1,
          null,
          null,
          1,
          null,
          null,
          1,
          3,
          null,
          null,
          null,
          null,
          null,
          null,
          null,
          null,
          null,
          null,
          null,
          null,
          null,
          null,
          null,
          null,
          null,
          1,
          1,
          null,
          null,
          null,
          null,
          0,
          null,
          null,
          1,
          1,
          0,
          null,
          null,
          null,
          null,
          null,
          null,
          null,
          null,
          null,
          null,
          null,
          null,
          null,
          null,
          null,
          null,
          null,
          null,
          null,
          null,
          null,
          null,
          null,
          1,
          0,
          null,
          null,
          null,
          null,
          1,
          53,
          1,
          null,
          null,
          null,
          null,
          null
        ]
      },
      "/Users/ireneisabug/Desktop/COMS4152/Project/SaasFP/app/models/activity_user_relation.rb": {
        "lines": [
          1,
          null
        ]
      }
    },
    "timestamp": 1702871218
  }
}
