{
  "RSpec": {
    "coverage": {
      "/Users/ireneisabug/Desktop/SaasProject/LionToDo/spec/controllers/following_controller_spec.rb": {
        "lines": [
          1,
          null,
          1,
          null,
          1,
          null,
          null,
          null,
          null,
          null,
          1,
          null,
          null,
          null,
          1,
          0,
          0,
          0,
          null,
          0,
          0,
          null,
          null,
          null,
          1,
          1,
          0,
          0,
          null,
          null,
          null,
          1,
          1,
          0,
          0,
          null,
          null,
          null,
          1,
          1,
          0,
          0,
          0,
          null,
          null,
          null
        ]
      },
      "/Users/ireneisabug/Desktop/SaasProject/LionToDo/app/controllers/following_controller.rb": {
        "lines": [
          1,
          1,
          null,
          0,
          0,
          null,
          null,
          null,
          null,
          1,
          0,
          0,
          null,
          0,
          0,
          null,
          null,
          1,
          0,
          0,
          0,
          null,
          null,
          1,
          0,
          null,
          null
        ]
      },
      "/Users/ireneisabug/Desktop/SaasProject/LionToDo/app/controllers/application_controller.rb": {
        "lines": [
          1,
          null,
          null,
          1,
          null
        ]
      },
      "/Users/ireneisabug/Desktop/SaasProject/LionToDo/spec/controllers/relation_controller_spec.rb": {
        "lines": [
          1,
          null,
          1,
          null,
          1,
          null,
          null,
          null,
          null,
          null,
          null,
          null,
          1,
          null,
          null,
          null,
          null,
          1,
          null,
          null,
          null,
          null,
          null,
          1,
          0,
          0,
          0,
          null,
          0,
          0,
          null,
          0,
          0,
          null,
          null,
          null,
          null,
          1,
          1,
          0,
          0,
          0,
          null,
          null,
          null,
          1,
          1,
          0,
          0,
          0,
          null,
          null,
          null,
          1,
          1,
          0,
          0,
          null,
          null,
          null,
          1,
          1,
          0,
          0,
          null,
          null,
          null,
          null,
          1,
          1,
          0,
          0,
          null,
          null,
          null,
          1,
          1,
          0,
          0,
          0,
          0,
          null,
          null,
          null
        ]
      },
      "/Users/ireneisabug/Desktop/SaasProject/LionToDo/app/controllers/relations_controller.rb": {
        "lines": [
          1,
          1,
          0,
          0,
          0,
          0,
          null,
          0,
          null,
          0,
          0,
          0,
          0,
          null,
          0,
          null,
          null,
          0,
          null,
          null,
          1,
          0,
          0,
          0,
          0,
          null,
          0,
          0,
          0,
          0,
          null,
          null,
          null,
          0,
          null,
          null
        ]
      },
      "/Users/ireneisabug/Desktop/SaasProject/LionToDo/spec/controllers/session_controller_spec.rb": {
        "lines": [
          1,
          null,
          1,
          null,
          1,
          null,
          null,
          1,
          0,
          0,
          null,
          null,
          null,
          1,
          1,
          0,
          0,
          0,
          null,
          null,
          null,
          1,
          1,
          0,
          0,
          0,
          null,
          null,
          null,
          1,
          1,
          0,
          0,
          0,
          null,
          null,
          null
        ]
      },
      "/Users/ireneisabug/Desktop/SaasProject/LionToDo/app/controllers/sessions_controller.rb": {
        "lines": [
          1,
          null,
          1,
          null,
          null,
          1,
          0,
          0,
          0,
          0,
          0,
          0,
          null,
          0,
          0,
          null,
          null,
          null,
          1,
          null,
          null,
          1,
          0,
          null,
          null
        ]
      },
      "/Users/ireneisabug/Desktop/SaasProject/LionToDo/spec/controllers/todo_controller_spec.rb": {
        "lines": [

        ]
      },
      "/Users/ireneisabug/Desktop/SaasProject/LionToDo/spec/controllers/user_controller_spec.rb": {
        "lines": [
          1,
          null,
          1,
          null,
          null,
          1,
          null,
          null,
          null,
          null,
          null,
          1,
          null,
          null,
          null,
          null,
          1,
          null,
          null,
          null,
          1,
          0,
          0,
          null,
          0,
          0,
          null,
          0,
          0,
          null,
          null,
          null,
          null,
          1,
          1,
          0,
          0,
          null,
          null,
          null,
          null,
          null,
          1,
          1,
          0,
          0,
          0,
          0,
          null,
          null,
          null,
          1,
          1,
          0,
          0,
          null,
          null,
          null,
          1,
          1,
          0,
          0,
          null,
          null,
          null,
          1,
          1,
          0,
          0,
          0,
          null,
          null,
          null,
          1,
          1,
          0,
          0,
          0,
          null,
          null,
          null,
          1,
          1,
          0,
          0,
          0,
          null,
          null,
          null,
          null,
          null,
          1,
          1,
          0,
          0,
          0,
          0,
          0,
          null,
          null,
          null,
          1,
          1,
          0,
          0,
          0,
          null,
          null,
          null
        ]
      },
      "/Users/ireneisabug/Desktop/SaasProject/LionToDo/app/controllers/users_controller.rb": {
        "lines": [
          1,
          1,
          1,
          null,
          1,
          0,
          0,
          0,
          0,
          0,
          null,
          null,
          0,
          null,
          null,
          1,
          0,
          0,
          0,
          0,
          0,
          0,
          0,
          null,
          null,
          null,
          null,
          null,
          null,
          1,
          0,
          null,
          null,
          1,
          0,
          0,
          0,
          0,
          null,
          null,
          null,
          1,
          null,
          1,
          0,
          0,
          0,
          0,
          null,
          0,
          0,
          null,
          null,
          null,
          null,
          1,
          0,
          0,
          null,
          null,
          1,
          0,
          0,
          0,
          0,
          null,
          null,
          1,
          null,
          null,
          1,
          0,
          null,
          null,
          1,
          0,
          0,
          null,
          null,
          null,
          null,
          1,
          1,
          0,
          null,
          null,
          null
        ]
      }
    },
    "timestamp": 1698883251
  },
  "Cucumber Features": {
    "coverage": {
      "/Users/ireneisabug/Desktop/SaasProject/LionToDo/app/models/event.rb": {
        "lines": [
          1,
          1,
          1,
          null,
          null,
          1,
          null,
          null,
          1,
          26,
          null,
          null,
          1,
          16,
          null,
          null
        ]
      },
      "/Users/ireneisabug/Desktop/SaasProject/LionToDo/app/models/user.rb": {
        "lines": [
          1,
          1,
          1,
          null
        ]
      },
      "/Users/ireneisabug/Desktop/SaasProject/LionToDo/app/controllers/sessions_controller.rb": {
        "lines": [
          1,
          null,
          1,
          null,
          null,
          1,
          11,
          11,
          11,
          11,
          10,
          10,
          null,
          1,
          1,
          null,
          null,
          null,
          1,
          null,
          null,
          1,
          22,
          null,
          null
        ]
      },
      "/Users/ireneisabug/Desktop/SaasProject/LionToDo/app/controllers/application_controller.rb": {
        "lines": [
          1,
          null,
          null,
          1,
          null
        ]
      },
      "/Users/ireneisabug/Desktop/SaasProject/LionToDo/app/helpers/activities_helper.rb": {
        "lines": [
          1,
          null
        ]
      },
      "/Users/ireneisabug/Desktop/SaasProject/LionToDo/app/controllers/users_controller.rb": {
        "lines": [
          1,
          1,
          1,
          null,
          1,
          16,
          14,
          14,
          14,
          14,
          null,
          null,
          2,
          null,
          null,
          1,
          5,
          5,
          5,
          5,
          5,
          5,
          0,
          null,
          null,
          null,
          null,
          null,
          null,
          1,
          2,
          null,
          null,
          1,
          2,
          2,
          2,
          2,
          null,
          null,
          null,
          1,
          null,
          1,
          2,
          2,
          1,
          1,
          null,
          1,
          1,
          null,
          null,
          null,
          null,
          1,
          1,
          1,
          null,
          null,
          1,
          0,
          0,
          null,
          0,
          null,
          null,
          1,
          null,
          null,
          1,
          4,
          null,
          null,
          1,
          10,
          1,
          null,
          null,
          null,
          null,
          null,
          null,
          null,
          null,
          null,
          null
        ]
      },
      "/Users/ireneisabug/Desktop/SaasProject/LionToDo/app/controllers/events_controller.rb": {
        "lines": [
          1,
          1,
          1,
          null,
          null,
          1,
          3,
          3,
          null,
          null,
          1,
          16,
          16,
          16,
          null,
          16,
          16,
          null,
          16,
          16,
          null,
          null,
          null,
          null,
          null,
          1,
          null,
          null,
          null,
          1,
          null,
          null,
          null,
          null,
          1,
          null,
          null,
          0,
          null,
          1,
          null,
          null,
          null,
          null,
          1,
          null,
          null,
          1,
          2,
          null,
          null,
          1,
          2,
          null,
          null,
          2,
          null,
          1,
          null,
          1,
          null,
          null,
          2,
          null,
          null,
          1,
          1,
          1,
          1,
          1,
          null,
          null,
          1,
          null,
          null,
          1,
          3,
          null,
          null,
          null,
          null,
          null,
          null,
          null,
          null,
          null,
          null,
          null,
          null,
          null,
          null,
          null,
          null,
          null,
          1,
          1,
          null,
          null,
          null,
          null,
          0,
          null,
          null,
          1,
          1,
          0,
          null,
          null,
          1,
          32,
          16,
          16,
          16,
          null,
          null,
          null,
          1,
          64,
          null,
          null,
          null,
          1,
          192,
          null,
          null,
          1,
          48,
          null,
          null,
          null,
          null,
          null,
          null,
          null,
          null,
          1,
          43,
          1,
          null,
          null,
          null,
          null,
          null
        ]
      },
      "/Users/ireneisabug/Desktop/SaasProject/LionToDo/app/models/activity_user_relation.rb": {
        "lines": [
          1,
          null
        ]
      },
      "/Users/ireneisabug/Desktop/SaasProject/LionToDo/app/models/follow.rb": {
        "lines": [
          null,
          null,
          null,
          null
        ],
        "branches": {
        }
      },
      "/Users/ireneisabug/Desktop/SaasProject/LionToDo/app/controllers/following_controller.rb": {
        "lines": [
          0,
          0,
          null,
          0,
          0,
          null,
          null,
          0,
          null,
          0,
          0,
          0,
          0,
          0,
          0,
          0,
          null,
          0,
          0,
          0,
          0,
          0,
          null,
          0,
          0,
          0,
          0
        ],
        "branches": {
        }
      },
      "/Users/ireneisabug/Desktop/SaasProject/LionToDo/app/controllers/relations_controller.rb": {
        "lines": [
          0,
          0,
          0,
          0,
          0,
          0,
          0,
          0,
          null,
          0,
          0,
          0,
          0,
          0,
          0,
          0,
          0,
          0,
          0,
          null,
          0,
          0,
          0,
          0,
          0,
          0,
          0,
          0,
          0,
          0,
          0,
          null,
          0,
          0,
          0,
          0
        ],
        "branches": {
        }
      }
    },
    "timestamp": 1698896870
  }
}
